<?xml version="1.0" encoding="UTF-8"?>
<testsuite xmlns:xsi="http://www.w3.org/2001/XMLSchema-instance" xsi:noNamespaceSchemaLocation="https://maven.apache.org/surefire/maven-surefire-plugin/xsd/surefire-test-report-3.0.xsd" version="3.0" name="TestSuite" time="23.069" tests="2" errors="0" skipped="0" failures="2">
  <properties>
[...]
</properties>
  <testcase name="feature" classname="MyRunner.TestRunner" time="11.878">
    <failure message="java.lang.AssertionError: expected [Cogmento CRM] but found [Cogmento CRM1]" type="cucumber.runtime.CucumberException"><![CDATA[cucumber.runtime.CucumberException: java.lang.AssertionError: expected [Cogmento CRM] but found [Cogmento CRM1]
	at MyRunner.TestRunner.feature(TestRunner.java:35)
Caused by: java.lang.AssertionError: expected [Cogmento CRM] but found [Cogmento CRM1]
]]></failure>
    <system-out><![CDATA[Feature: Free CRM Login Feature

  Scenario Outline: Free CRM Login Test Scenario   &amp#27;[90m# login.feature:3&amp#27;[0m
    &amp#27;[36mGiven &amp#27;[0m&amp#27;[36muser is already on Login Page&amp#27;[0m
    &amp#27;[36mWhen &amp#27;[0m&amp#27;[36mtitle of login page is Free CRM&amp#27;[0m
    &amp#27;[36mThen &amp#27;[0m&amp#27;[36muser enters "<username>" and "<password>"&amp#27;[0m
    &amp#27;[36mThen &amp#27;[0m&amp#27;[36muser clicks on login button&amp#27;[0m
    &amp#27;[36mThen &amp#27;[0m&amp#27;[36muser is on home page&amp#27;[0m
    &amp#27;[36mThen &amp#27;[0m&amp#27;[36mClose the browser&amp#27;[0m

    Examples: 
Cogmento CRM
Home Page title ::Cogmento CRM
Inside teardown

  Scenario Outline: Free CRM Login Test Scenario                &amp#27;[90m# login.feature:15&amp#27;[0m
    &amp#27;[32mGiven &amp#27;[0m&amp#27;[32muser is already on Login Page&amp#27;[0m                         &amp#27;[90m# LoginStepDefinition.user_already_on_login_page()&amp#27;[0m
    &amp#27;[32mWhen &amp#27;[0m&amp#27;[32mtitle of login page is Free CRM&amp#27;[0m                        &amp#27;[90m# LoginStepDefinition.title_of_login_page_is_free_CRM()&amp#27;[0m
    &amp#27;[32mThen &amp#27;[0m&amp#27;[32muser enters "&amp#27;[0m&amp#27;[32m&amp#27;[1manil.kumar2080@gmail.com&amp#27;[0m&amp#27;[32m" and "&amp#27;[0m&amp#27;[32m&amp#27;[1mTest@1234&amp#27;[0m&amp#27;[32m"&amp#27;[0m &amp#27;[90m# LoginStepDefinition.user_enters_username_and_password(String,String)&amp#27;[0m
    &amp#27;[32mThen &amp#27;[0m&amp#27;[32muser clicks on login button&amp#27;[0m                            &amp#27;[90m# LoginStepDefinition.user_clicks_on_login_button()&amp#27;[0m
    &amp#27;[31mThen &amp#27;[0m&amp#27;[31muser is on home page&amp#27;[0m                                   &amp#27;[90m# LoginStepDefinition.user_is_on_hopme_page()&amp#27;[0m
      &amp#27;[31mjava.lang.AssertionError: expected [Cogmento CRM] but found [Cogmento CRM1]
      	at org.testng.Assert.fail(Assert.java:97)
      	at org.testng.Assert.assertEqualsImpl(Assert.java:136)
      	at org.testng.Assert.assertEquals(Assert.java:118)
      	at org.testng.Assert.assertEquals(Assert.java:575)
      	at org.testng.Assert.assertEquals(Assert.java:585)
      	at stepDefinitions.LoginStepDefinition.user_is_on_hopme_page(LoginStepDefinition.java:65)
      	at ?.Then user is on home page(login.feature:9)
      &amp#27;[0m
    &amp#27;[36mThen &amp#27;[0m&amp#27;[36mClose the browser&amp#27;[0m                                      &amp#27;[90m# LoginStepDefinition.close_the_browser()&amp#27;[0m
]]></system-out>
    <system-err><![CDATA[Starting ChromeDriver 81.0.4044.69 (6813546031a4bc83f717a2ef7cd4ac6ec1199132-refs/branch-heads/4044@{#776}) on port 46690
Only local connections are allowed.
Please protect ports used by ChromeDriver and related test frameworks to prevent access by malicious code.
Apr 30, 2020 8:50:14 PM org.openqa.selenium.remote.ProtocolHandshake createSession
INFO: Detected dialect: W3C
[1588260015.365][SEVERE]: Timed out receiving message from renderer: 0.100
[1588260015.657][SEVERE]: Timed out receiving message from renderer: 0.100
[1588260016.760][SEVERE]: Timed out receiving message from renderer: 0.100
[1588260016.862][SEVERE]: Timed out receiving message from renderer: 0.100
[1588260016.966][SEVERE]: Timed out receiving message from renderer: 0.100
[1588260017.827][SEVERE]: Timed out receiving message from renderer: 0.100
]]></system-err>
  </testcase>
  <testcase name="feature" classname="MyRunner.TestRunner" time="9.566">
    <failure message="org.openqa.selenium.NoSuchElementException: no such element: Unable to locate element: {&quot;method&quot;:&quot;css selector&quot;,&quot;selector&quot;:&quot;*[name=&apos;email1&apos;]&quot;}&#10;  (Session info: chrome=81.0.4044.129)&#10;For documentation on this error, please visit: https://www.seleniumhq.org/exceptions/no_such_element.html&#10;Build info: version: &apos;3.141.59&apos;, revision: &apos;e82be7d358&apos;, time: &apos;2018-11-14T08:17:03&apos;&#10;System info: host: &apos;DESKTOP-OP2ETL3&apos;, ip: &apos;192.168.1.8&apos;, os.name: &apos;Windows 10&apos;, os.arch: &apos;amd64&apos;, os.version: &apos;10.0&apos;, java.version: &apos;1.8.0_191&apos;&#10;Driver info: org.openqa.selenium.chrome.ChromeDriver&#10;Capabilities {acceptInsecureCerts: false, browserName: chrome, browserVersion: 81.0.4044.129, chrome: {chromedriverVersion: 81.0.4044.69 (6813546031a4b..., userDataDir: C:\Users\ANILKU~1\AppData\L...}, goog:chromeOptions: {debuggerAddress: localhost:53380}, javascriptEnabled: true, networkConnectionEnabled: false, pageLoadStrategy: normal, platform: WINDOWS, platformName: WINDOWS, proxy: Proxy(), setWindowRect: true, strictFileInteractability: false, timeouts: {implicit: 0, pageLoad: 300000, script: 30000}, unhandledPromptBehavior: dismiss and notify, webauthn:virtualAuthenticators: true}&#10;Session ID: f7172d2357dbb52002271567ea5bd840&#10;*** Element info: {Using=name, value=email1}" type="cucumber.runtime.CucumberException"><![CDATA[cucumber.runtime.CucumberException: 
org.openqa.selenium.NoSuchElementException: no such element: Unable to locate element: {"method":"css selector","selector":"*[name='email1']"}
  (Session info: chrome=81.0.4044.129)
For documentation on this error, please visit: https://www.seleniumhq.org/exceptions/no_such_element.html
Build info: version: '3.141.59', revision: 'e82be7d358', time: '2018-11-14T08:17:03'
System info: host: 'DESKTOP-OP2ETL3', ip: '192.168.1.8', os.name: 'Windows 10', os.arch: 'amd64', os.version: '10.0', java.version: '1.8.0_191'
Driver info: org.openqa.selenium.chrome.ChromeDriver
Capabilities {acceptInsecureCerts: false, browserName: chrome, browserVersion: 81.0.4044.129, chrome: {chromedriverVersion: 81.0.4044.69 (6813546031a4b..., userDataDir: C:\Users\ANILKU~1\AppData\L...}, goog:chromeOptions: {debuggerAddress: localhost:53380}, javascriptEnabled: true, networkConnectionEnabled: false, pageLoadStrategy: normal, platform: WINDOWS, platformName: WINDOWS, proxy: Proxy(), setWindowRect: true, strictFileInteractability: false, timeouts: {implicit: 0, pageLoad: 300000, script: 30000}, unhandledPromptBehavior: dismiss and notify, webauthn:virtualAuthenticators: true}
Session ID: f7172d2357dbb52002271567ea5bd840
*** Element info: {Using=name, value=email1}
	at MyRunner.TestRunner.feature(TestRunner.java:35)
Caused by: org.openqa.selenium.NoSuchElementException: 
no such element: Unable to locate element: {"method":"css selector","selector":"*[name='email1']"}
  (Session info: chrome=81.0.4044.129)
For documentation on this error, please visit: https://www.seleniumhq.org/exceptions/no_such_element.html
Build info: version: '3.141.59', revision: 'e82be7d358', time: '2018-11-14T08:17:03'
System info: host: 'DESKTOP-OP2ETL3', ip: '192.168.1.8', os.name: 'Windows 10', os.arch: 'amd64', os.version: '10.0', java.version: '1.8.0_191'
Driver info: org.openqa.selenium.chrome.ChromeDriver
Capabilities {acceptInsecureCerts: false, browserName: chrome, browserVersion: 81.0.4044.129, chrome: {chromedriverVersion: 81.0.4044.69 (6813546031a4b..., userDataDir: C:\Users\ANILKU~1\AppData\L...}, goog:chromeOptions: {debuggerAddress: localhost:53380}, javascriptEnabled: true, networkConnectionEnabled: false, pageLoadStrategy: normal, platform: WINDOWS, platformName: WINDOWS, proxy: Proxy(), setWindowRect: true, strictFileInteractability: false, timeouts: {implicit: 0, pageLoad: 300000, script: 30000}, unhandledPromptBehavior: dismiss and notify, webauthn:virtualAuthenticators: true}
Session ID: f7172d2357dbb52002271567ea5bd840
*** Element info: {Using=name, value=email1}
]]></failure>
    <system-out><![CDATA[Feature: Free CRM Logout Feature
Inside teardown
&amp#27;[31mFailure in after hook:&amp#27;[0m&amp#27;[31mLoginStepDefinition.tearDown(Scenario)&amp#27;[0m
&amp#27;[31mMessage: &amp#27;[0m&amp#27;[31mjava.lang.NullPointerException
	at stepDefinitions.LoginStepDefinition.tearDown(LoginStepDefinition.java:28)
	at sun.reflect.NativeMethodAccessorImpl.invoke0(Native Method)
	at sun.reflect.NativeMethodAccessorImpl.invoke(NativeMethodAccessorImpl.java:62)
	at sun.reflect.DelegatingMethodAccessorImpl.invoke(DelegatingMethodAccessorImpl.java:43)
	at java.lang.reflect.Method.invoke(Method.java:498)
	at cucumber.runtime.Utils$1.call(Utils.java:40)
	at cucumber.runtime.Timeout.timeout(Timeout.java:16)
	at cucumber.runtime.Utils.invoke(Utils.java:34)
	at cucumber.runtime.java.JavaHookDefinition.execute(JavaHookDefinition.java:60)
	at cucumber.runtime.Runtime.runHookIfTagsMatch(Runtime.java:224)
	at cucumber.runtime.Runtime.runHooks(Runtime.java:212)
	at cucumber.runtime.Runtime.runAfterHooks(Runtime.java:206)
	at cucumber.runtime.model.CucumberScenario.run(CucumberScenario.java:46)
	at cucumber.runtime.model.CucumberFeature.run(CucumberFeature.java:165)
	at cucumber.api.testng.TestNGCucumberRunner.runCucumber(TestNGCucumberRunner.java:63)
	at MyRunner.TestRunner.feature(TestRunner.java:35)
	at sun.reflect.NativeMethodAccessorImpl.invoke0(Native Method)
	at sun.reflect.NativeMethodAccessorImpl.invoke(NativeMethodAccessorImpl.java:62)
	at sun.reflect.DelegatingMethodAccessorImpl.invoke(DelegatingMethodAccessorImpl.java:43)
	at java.lang.reflect.Method.invoke(Method.java:498)
	at org.testng.internal.MethodInvocationHelper.invokeMethod(MethodInvocationHelper.java:133)
	at org.testng.internal.TestInvoker.invokeMethod(TestInvoker.java:584)
	at org.testng.internal.TestInvoker.invokeTestMethod(TestInvoker.java:172)
	at org.testng.internal.MethodRunner.runInSequence(MethodRunner.java:46)
	at org.testng.internal.TestInvoker$MethodInvocationAgent.invoke(TestInvoker.java:804)
	at org.testng.internal.TestInvoker.invokeTestMethods(TestInvoker.java:145)
	at org.testng.internal.TestMethodWorker.invokeTestMethods(TestMethodWorker.java:146)
	at org.testng.internal.TestMethodWorker.run(TestMethodWorker.java:128)
	at java.util.ArrayList.forEach(ArrayList.java:1257)
	at org.testng.TestRunner.privateRun(TestRunner.java:770)
	at org.testng.TestRunner.run(TestRunner.java:591)
	at org.testng.SuiteRunner.runTest(SuiteRunner.java:402)
	at org.testng.SuiteRunner.access$000(SuiteRunner.java:41)
	at org.testng.SuiteRunner$SuiteWorker.run(SuiteRunner.java:443)
	at org.testng.internal.thread.ThreadUtil.lambda$execute$0(ThreadUtil.java:67)
	at java.util.concurrent.FutureTask.run(FutureTask.java:266)
	at java.util.concurrent.ThreadPoolExecutor.runWorker(ThreadPoolExecutor.java:1149)
	at java.util.concurrent.ThreadPoolExecutor$Worker.run(ThreadPoolExecutor.java:624)
	at java.lang.Thread.run(Thread.java:748)
&amp#27;[0m
      &amp#27;[31mjava.lang.NullPointerException
      	at stepDefinitions.LoginStepDefinition.tearDown(LoginStepDefinition.java:28)
      	at sun.reflect.NativeMethodAccessorImpl.invoke0(Native Method)
      	at sun.reflect.NativeMethodAccessorImpl.invoke(NativeMethodAccessorImpl.java:62)
      	at sun.reflect.DelegatingMethodAccessorImpl.invoke(DelegatingMethodAccessorImpl.java:43)
      	at java.lang.reflect.Method.invoke(Method.java:498)
      	at cucumber.runtime.Utils$1.call(Utils.java:40)
      	at cucumber.runtime.Timeout.timeout(Timeout.java:16)
      	at cucumber.runtime.Utils.invoke(Utils.java:34)
      	at cucumber.runtime.java.JavaHookDefinition.execute(JavaHookDefinition.java:60)
      	at cucumber.runtime.Runtime.runHookIfTagsMatch(Runtime.java:224)
      	at cucumber.runtime.Runtime.runHooks(Runtime.java:212)
      	at cucumber.runtime.Runtime.runAfterHooks(Runtime.java:206)
      	at cucumber.runtime.model.CucumberScenario.run(CucumberScenario.java:46)
      	at cucumber.runtime.model.CucumberFeature.run(CucumberFeature.java:165)
      	at cucumber.api.testng.TestNGCucumberRunner.runCucumber(TestNGCucumberRunner.java:63)
      	at MyRunner.TestRunner.feature(TestRunner.java:35)
      	at sun.reflect.NativeMethodAccessorImpl.invoke0(Native Method)
      	at sun.reflect.NativeMethodAccessorImpl.invoke(NativeMethodAccessorImpl.java:62)
      	at sun.reflect.DelegatingMethodAccessorImpl.invoke(DelegatingMethodAccessorImpl.java:43)
      	at java.lang.reflect.Method.invoke(Method.java:498)
      	at org.testng.internal.MethodInvocationHelper.invokeMethod(MethodInvocationHelper.java:133)
      	at org.testng.internal.TestInvoker.invokeMethod(TestInvoker.java:584)
      	at org.testng.internal.TestInvoker.invokeTestMethod(TestInvoker.java:172)
      	at org.testng.internal.MethodRunner.runInSequence(MethodRunner.java:46)
      	at org.testng.internal.TestInvoker$MethodInvocationAgent.invoke(TestInvoker.java:804)
      	at org.testng.internal.TestInvoker.invokeTestMethods(TestInvoker.java:145)
      	at org.testng.internal.TestMethodWorker.invokeTestMethods(TestMethodWorker.java:146)
      	at org.testng.internal.TestMethodWorker.run(TestMethodWorker.java:128)
      	at java.util.ArrayList.forEach(ArrayList.java:1257)
      	at org.testng.TestRunner.privateRun(TestRunner.java:770)
      	at org.testng.TestRunner.run(TestRunner.java:591)
      	at org.testng.SuiteRunner.runTest(SuiteRunner.java:402)
      	at org.testng.SuiteRunner.access$000(SuiteRunner.java:41)
      	at org.testng.SuiteRunner$SuiteWorker.run(SuiteRunner.java:443)
      	at org.testng.internal.thread.ThreadUtil.lambda$execute$0(ThreadUtil.java:67)
      	at java.util.concurrent.FutureTask.run(FutureTask.java:266)
      	at java.util.concurrent.ThreadPoolExecutor.runWorker(ThreadPoolExecutor.java:1149)
      	at java.util.concurrent.ThreadPoolExecutor$Worker.run(ThreadPoolExecutor.java:624)
      	at java.lang.Thread.run(Thread.java:748)
      &amp#27;[0m

  Scenario: Free CRM Logout Test Scenario &amp#27;[90m# logout.feature:3&amp#27;[0m
    &amp#27;[31mGiven &amp#27;[0m&amp#27;[31muser is on home Page&amp#27;[0m            &amp#27;[90m# LogoutStepDefinition.user_already_on_home_page()&amp#27;[0m
      &amp#27;[31morg.openqa.selenium.NoSuchElementException: no such element: Unable to locate element: {"method":"css selector","selector":"*[name='email1']"}
        (Session info: chrome=81.0.4044.129)
      For documentation on this error, please visit: https://www.seleniumhq.org/exceptions/no_such_element.html
      Build info: version: '3.141.59', revision: 'e82be7d358', time: '2018-11-14T08:17:03'
      System info: host: 'DESKTOP-OP2ETL3', ip: '192.168.1.8', os.name: 'Windows 10', os.arch: 'amd64', os.version: '10.0', java.version: '1.8.0_191'
      Driver info: org.openqa.selenium.chrome.ChromeDriver
      Capabilities {acceptInsecureCerts: false, browserName: chrome, browserVersion: 81.0.4044.129, chrome: {chromedriverVersion: 81.0.4044.69 (6813546031a4b..., userDataDir: C:\Users\ANILKU~1\AppData\L...}, goog:chromeOptions: {debuggerAddress: localhost:53380}, javascriptEnabled: true, networkConnectionEnabled: false, pageLoadStrategy: normal, platform: WINDOWS, platformName: WINDOWS, proxy: Proxy(), setWindowRect: true, strictFileInteractability: false, timeouts: {implicit: 0, pageLoad: 300000, script: 30000}, unhandledPromptBehavior: dismiss and notify, webauthn:virtualAuthenticators: true}
      Session ID: f7172d2357dbb52002271567ea5bd840
      *** Element info: {Using=name, value=email1}
      	at sun.reflect.NativeConstructorAccessorImpl.newInstance0(Native Method)
      	at sun.reflect.NativeConstructorAccessorImpl.newInstance(NativeConstructorAccessorImpl.java:62)
      	at sun.reflect.DelegatingConstructorAccessorImpl.newInstance(DelegatingConstructorAccessorImpl.java:45)
      	at java.lang.reflect.Constructor.newInstance(Constructor.java:423)
      	at org.openqa.selenium.remote.http.W3CHttpResponseCodec.createException(W3CHttpResponseCodec.java:187)
      	at org.openqa.selenium.remote.http.W3CHttpResponseCodec.decode(W3CHttpResponseCodec.java:122)
      	at org.openqa.selenium.remote.http.W3CHttpResponseCodec.decode(W3CHttpResponseCodec.java:49)
      	at org.openqa.selenium.remote.HttpCommandExecutor.execute(HttpCommandExecutor.java:158)
      	at org.openqa.selenium.remote.service.DriverCommandExecutor.execute(DriverCommandExecutor.java:83)
      	at org.openqa.selenium.remote.RemoteWebDriver.execute(RemoteWebDriver.java:552)
      	at org.openqa.selenium.remote.RemoteWebDriver.findElement(RemoteWebDriver.java:323)
      	at org.openqa.selenium.remote.RemoteWebDriver.findElementByName(RemoteWebDriver.java:404)
      	at org.openqa.selenium.By$ByName.findElement(By.java:284)
      	at org.openqa.selenium.remote.RemoteWebDriver.findElement(RemoteWebDriver.java:315)
      	at stepDefinitions.LogoutStepDefinition.user_already_on_home_page(LogoutStepDefinition.java:23)
      	at ?.Given user is on home Page(logout.feature:5)
      &amp#27;[0m
    &amp#27;[36mWhen &amp#27;[0m&amp#27;[36mtitle of home page is Free CRM&amp#27;[0m   &amp#27;[90m# LogoutStepDefinition.title_of_home_page_is_free_CRM()&amp#27;[0m
    &amp#27;[36mThen &amp#27;[0m&amp#27;[36mlogout & Close the browser&amp#27;[0m       &amp#27;[90m# LogoutStepDefinition.close_the_browser()&amp#27;[0m
]]></system-out>
    <system-err><![CDATA[Starting ChromeDriver 81.0.4044.69 (6813546031a4bc83f717a2ef7cd4ac6ec1199132-refs/branch-heads/4044@{#776}) on port 1076
Only local connections are allowed.
Please protect ports used by ChromeDriver and related test frameworks to prevent access by malicious code.
Apr 30, 2020 8:50:26 PM org.openqa.selenium.remote.ProtocolHandshake createSession
INFO: Detected dialect: W3C
[1588260027.224][SEVERE]: Timed out receiving message from renderer: 0.100
[1588260027.563][SEVERE]: Timed out receiving message from renderer: 0.100
[1588260027.779][SEVERE]: Timed out receiving message from renderer: 0.100
[1588260027.884][SEVERE]: Timed out receiving message from renderer: 0.100
[1588260027.987][SEVERE]: Timed out receiving message from renderer: 0.100
[1588260028.093][SEVERE]: Timed out receiving message from renderer: 0.100
[1588260028.196][SEVERE]: Timed out receiving message from renderer: 0.100
[1588260028.305][SEVERE]: Timed out receiving message from renderer: 0.100
[1588260028.410][SEVERE]: Timed out receiving message from renderer: 0.100
[1588260028.514][SEVERE]: Timed out receiving message from renderer: 0.100
[1588260028.618][SEVERE]: Timed out receiving message from renderer: 0.100
[1588260028.720][SEVERE]: Timed out receiving message from renderer: 0.100
[1588260028.822][SEVERE]: Timed out receiving message from renderer: 0.100
[1588260028.925][SEVERE]: Timed out receiving message from renderer: 0.100
[1588260029.032][SEVERE]: Timed out receiving message from renderer: 0.100
[1588260029.137][SEVERE]: Timed out receiving message from renderer: 0.100
[1588260029.239][SEVERE]: Timed out receiving message from renderer: 0.100
[1588260029.344][SEVERE]: Timed out receiving message from renderer: 0.100
[1588260030.242][SEVERE]: Timed out receiving message from renderer: 0.100
]]></system-err>
  </testcase>
</testsuite>