<?xml version="1.0" encoding="UTF-8"?>
<testng-results skipped="0" failed="0" ignored="0" total="2" passed="2">
  <reporter-output>
  </reporter-output>
  <suite name="BDD Test Suite" duration-ms="19320" started-at="2020-04-26T14:02:01 IST" finished-at="2020-04-26T14:02:20 IST">
    <groups>
      <group name="cucumber">
        <method signature="TestRunner.feature(cucumber.api.testng.CucumberFeatureWrapper)[pri:0, instance:MyRunner.TestRunner@6e1567f1]" name="feature" class="MyRunner.TestRunner"/>
      </group> <!-- cucumber -->
    </groups>
    <test name="FREE CRM Test" duration-ms="19320" started-at="2020-04-26T14:02:01 IST" finished-at="2020-04-26T14:02:20 IST">
      <class name="MyRunner.TestRunner">
        <test-method status="PASS" signature="setUpClass()[pri:0, instance:MyRunner.TestRunner@6e1567f1]" name="setUpClass" is-config="true" duration-ms="234" started-at="2020-04-26T14:02:01 IST" finished-at="2020-04-26T14:02:01 IST">
          <reporter-output>
          </reporter-output>
        </test-method> <!-- setUpClass -->
        <test-method status="PASS" signature="feature(cucumber.api.testng.CucumberFeatureWrapper)[pri:0, instance:MyRunner.TestRunner@6e1567f1]" name="feature" duration-ms="10603" started-at="2020-04-26T14:02:01 IST" description="Runs Cucumber Feature" data-provider="features" finished-at="2020-04-26T14:02:12 IST">
          <params>
            <param index="0">
              <value>
                <![CDATA[Free CRM Login Feature]]>
              </value>
            </param>
          </params>
          <reporter-output>
          </reporter-output>
        </test-method> <!-- feature -->
        <test-method status="PASS" signature="feature(cucumber.api.testng.CucumberFeatureWrapper)[pri:0, instance:MyRunner.TestRunner@6e1567f1]" name="feature" duration-ms="8370" started-at="2020-04-26T14:02:12 IST" description="Runs Cucumber Feature" data-provider="features" finished-at="2020-04-26T14:02:20 IST">
          <params>
            <param index="0">
              <value>
                <![CDATA[Free CRM Logout Feature]]>
              </value>
            </param>
          </params>
          <reporter-output>
          </reporter-output>
        </test-method> <!-- feature -->
        <test-method status="PASS" signature="tearDownClass()[pri:0, instance:MyRunner.TestRunner@6e1567f1]" name="tearDownClass" is-config="true" duration-ms="16" started-at="2020-04-26T14:02:20 IST" finished-at="2020-04-26T14:02:20 IST">
          <reporter-output>
          </reporter-output>
        </test-method> <!-- tearDownClass -->
      </class> <!-- MyRunner.TestRunner -->
    </test> <!-- FREE CRM Test -->
  </suite> <!-- BDD Test Suite -->
</testng-results>
