<?xml version="1.0" encoding="UTF-8"?>
<testng-results skipped="0" failed="0" ignored="0" total="2" passed="2">
  <reporter-output>
  </reporter-output>
  <suite name="Default suite" duration-ms="17436" started-at="2020-04-26T08:21:31Z" finished-at="2020-04-26T08:21:48Z">
    <groups>
      <group name="cucumber">
        <method signature="TestRunner.feature(cucumber.api.testng.CucumberFeatureWrapper)[pri:0, instance:MyRunner.TestRunner@553f17c]" name="feature" class="MyRunner.TestRunner"/>
      </group> <!-- cucumber -->
    </groups>
    <test name="Default test" duration-ms="17436" started-at="2020-04-26T08:21:31Z" finished-at="2020-04-26T08:21:48Z">
      <class name="MyRunner.TestRunner">
        <test-method status="PASS" signature="setUpClass()[pri:0, instance:MyRunner.TestRunner@553f17c]" name="setUpClass" is-config="true" duration-ms="172" started-at="2020-04-26T08:21:31Z" finished-at="2020-04-26T08:21:31Z">
          <reporter-output>
          </reporter-output>
        </test-method> <!-- setUpClass -->
        <test-method status="PASS" signature="feature(cucumber.api.testng.CucumberFeatureWrapper)[pri:0, instance:MyRunner.TestRunner@553f17c]" name="feature" duration-ms="9038" started-at="2020-04-26T08:21:31Z" description="Runs Cucumber Feature" data-provider="features" finished-at="2020-04-26T08:21:40Z">
          <params>
            <param index="0">
              <value>
                <![CDATA[Free CRM Login Feature]]>
              </value>
            </param>
          </params>
          <reporter-output>
          </reporter-output>
        </test-method> <!-- feature -->
        <test-method status="PASS" signature="feature(cucumber.api.testng.CucumberFeatureWrapper)[pri:0, instance:MyRunner.TestRunner@553f17c]" name="feature" duration-ms="8131" started-at="2020-04-26T08:21:40Z" description="Runs Cucumber Feature" data-provider="features" finished-at="2020-04-26T08:21:48Z">
          <params>
            <param index="0">
              <value>
                <![CDATA[Free CRM Logout Feature]]>
              </value>
            </param>
          </params>
          <reporter-output>
          </reporter-output>
        </test-method> <!-- feature -->
        <test-method status="PASS" signature="tearDownClass()[pri:0, instance:MyRunner.TestRunner@553f17c]" name="tearDownClass" is-config="true" duration-ms="16" started-at="2020-04-26T08:21:48Z" finished-at="2020-04-26T08:21:48Z">
          <reporter-output>
          </reporter-output>
        </test-method> <!-- tearDownClass -->
      </class> <!-- MyRunner.TestRunner -->
    </test> <!-- Default test -->
  </suite> <!-- Default suite -->
</testng-results>
